The system is: Linux - 4.12.14-150.75-default - x86_64
Compiling the CUDA compiler identification source file "CMakeCUDACompilerId.cu" succeeded.
Compiler: /usr/common/software/sles15_cgpu/cuda/11.1.1/bin/nvcc 
Build flags: 
Id flags:  -v;--keep;--keep-dir;tmp

The output was:
0
#$ _NVVM_BRANCH_=nvvm
#$ _SPACE_= 
#$ _CUDART_=cudart
#$ _HERE_=/usr/common/software/sles15_cgpu/cuda/11.1.1/bin
#$ _THERE_=/usr/common/software/sles15_cgpu/cuda/11.1.1/bin
#$ _TARGET_SIZE_=
#$ _TARGET_DIR_=
#$ _TARGET_DIR_=targets/x86_64-linux
#$ TOP=/usr/common/software/sles15_cgpu/cuda/11.1.1/bin/..
#$ NVVMIR_LIBRARY_DIR=/usr/common/software/sles15_cgpu/cuda/11.1.1/bin/../nvvm/libdevice
#$ LD_LIBRARY_PATH=/usr/common/software/sles15_cgpu/cuda/11.1.1/bin/../lib:/usr/common/software/sles15_cgpu/cuda/11.1.1/extras/CUPTI/lib64:/usr/common/software/sles15_cgpu/cuda/11.1.1/lib64:/usr/common/software/sles15_cgpu/cuda/11.1.1/lib64/compat:/opt/esslurm/lib64:/opt/cray/job/2.2.4-7.0.1.1_3.54__g36b56f4.ari/lib64:/opt/intel/compilers_and_libraries_2019.3.199/linux/compiler/lib/intel64:/opt/intel/compilers_and_libraries_2019.3.199/linux/mkl/lib/intel64:/usr/common/software/darshan/3.2.1/lib:/usr/lib64:/usr/common/software/sles15_cgpu/cuda/11.1.1/lib64/stubs
#$ PATH=/usr/common/software/sles15_cgpu/cuda/11.1.1/bin/../nvvm/bin:/usr/common/software/sles15_cgpu/cuda/11.1.1/bin:/usr/common/software/sles15_cgpu/cuda/11.1.1/bin:/opt/esslurm/bin:/global/u2/m/mgawan/.vscode-server/bin/6cba118ac49a1b88332f312a8f67186f7f3c1643/bin:/global/homes/m/mgawan/.vscode-server/bin/6cba118ac49a1b88332f312a8f67186f7f3c1643/bin:/opt/cray/pe/mpt/7.7.10/gni/bin:/opt/cray/rca/2.2.20-7.0.1.1_4.72__g8e3fb5b.ari/bin:/opt/cray/alps/6.6.58-7.0.1.1_6.28__g437d88db.ari/sbin:/opt/cray/alps/default/bin:/opt/cray/job/2.2.4-7.0.1.1_3.54__g36b56f4.ari/bin:/opt/cray/pe/craype/2.6.2/bin:/opt/intel/compilers_and_libraries_2019.3.199/linux/bin/intel64:/usr/common/software/darshan/3.2.1/bin:/global/common/cori/software/altd/2.0/bin:/usr/common/software/bin:/usr/common/nsg/bin:/opt/ovis/bin:/opt/ovis/sbin:/opt/cray/pe/modules/3.2.11.4/bin:/usr/local/bin:/usr/bin:/bin:/usr/lib/mit/bin:/usr/lib/mit/sbin:/opt/cray/pe/bin
#$ INCLUDES="-I/usr/common/software/sles15_cgpu/cuda/11.1.1/bin/../targets/x86_64-linux/include"  
#$ LIBRARIES=  "-L/usr/common/software/sles15_cgpu/cuda/11.1.1/bin/../targets/x86_64-linux/lib/stubs" "-L/usr/common/software/sles15_cgpu/cuda/11.1.1/bin/../targets/x86_64-linux/lib"
#$ CUDAFE_FLAGS=
#$ PTXAS_FLAGS=
#$ rm tmp/a_dlink.reg.c
#$ gcc -D__CUDA_ARCH__=520 -E -x c++  -DCUDA_DOUBLE_MATH_FUNCTIONS -D__CUDACC__ -D__NVCC__  "-I/usr/common/software/sles15_cgpu/cuda/11.1.1/bin/../targets/x86_64-linux/include"    -D__CUDACC_VER_MAJOR__=11 -D__CUDACC_VER_MINOR__=1 -D__CUDACC_VER_BUILD__=105 -D__CUDA_API_VER_MAJOR__=11 -D__CUDA_API_VER_MINOR__=1 -include "cuda_runtime.h" -m64 "CMakeCUDACompilerId.cu" -o "tmp/CMakeCUDACompilerId.cpp1.ii" 
#$ cicc --c++14 --gnu_version=70500 --orig_src_file_name "CMakeCUDACompilerId.cu" --allow_managed   -arch compute_52 -m64 -ftz=0 -prec_div=1 -prec_sqrt=1 -fmad=1 --include_file_name "CMakeCUDACompilerId.fatbin.c" -tused -nvvmir-library "/usr/common/software/sles15_cgpu/cuda/11.1.1/bin/../nvvm/libdevice/libdevice.10.bc" --gen_module_id_file --module_id_file_name "tmp/CMakeCUDACompilerId.module_id" --gen_c_file_name "tmp/CMakeCUDACompilerId.cudafe1.c" --stub_file_name "tmp/CMakeCUDACompilerId.cudafe1.stub.c" --gen_device_file_name "tmp/CMakeCUDACompilerId.cudafe1.gpu"  "tmp/CMakeCUDACompilerId.cpp1.ii" -o "tmp/CMakeCUDACompilerId.ptx"
#$ ptxas -arch=sm_52 -m64  "tmp/CMakeCUDACompilerId.ptx"  -o "tmp/CMakeCUDACompilerId.sm_52.cubin" 
#$ fatbinary --create="tmp/CMakeCUDACompilerId.fatbin" -64 --cicc-cmdline="-ftz=0 -prec_div=1 -prec_sqrt=1 -fmad=1 " "--image3=kind=elf,sm=52,file=tmp/CMakeCUDACompilerId.sm_52.cubin" "--image3=kind=ptx,sm=52,file=tmp/CMakeCUDACompilerId.ptx" --embedded-fatbin="tmp/CMakeCUDACompilerId.fatbin.c" 
#$ gcc -E -x c++ -D__CUDACC__ -D__NVCC__  "-I/usr/common/software/sles15_cgpu/cuda/11.1.1/bin/../targets/x86_64-linux/include"    -D__CUDACC_VER_MAJOR__=11 -D__CUDACC_VER_MINOR__=1 -D__CUDACC_VER_BUILD__=105 -D__CUDA_API_VER_MAJOR__=11 -D__CUDA_API_VER_MINOR__=1 -include "cuda_runtime.h" -m64 "CMakeCUDACompilerId.cu" -o "tmp/CMakeCUDACompilerId.cpp4.ii" 
#$ cudafe++ --c++14 --gnu_version=70500 --orig_src_file_name "CMakeCUDACompilerId.cu" --allow_managed  --m64 --parse_templates --gen_c_file_name "tmp/CMakeCUDACompilerId.cudafe1.cpp" --stub_file_name "CMakeCUDACompilerId.cudafe1.stub.c" --module_id_file_name "tmp/CMakeCUDACompilerId.module_id" "tmp/CMakeCUDACompilerId.cpp4.ii" 
#$ gcc -D__CUDA_ARCH__=520 -c -x c++  -DCUDA_DOUBLE_MATH_FUNCTIONS "-I/usr/common/software/sles15_cgpu/cuda/11.1.1/bin/../targets/x86_64-linux/include"   -m64 "tmp/CMakeCUDACompilerId.cudafe1.cpp" -o "tmp/CMakeCUDACompilerId.o" 
#$ nvlink --arch=sm_52 --register-link-binaries="tmp/a_dlink.reg.c"  -m64   "-L/usr/common/software/sles15_cgpu/cuda/11.1.1/bin/../targets/x86_64-linux/lib/stubs" "-L/usr/common/software/sles15_cgpu/cuda/11.1.1/bin/../targets/x86_64-linux/lib" -cpu-arch=X86_64 "tmp/CMakeCUDACompilerId.o"  -lcudadevrt  -o "tmp/a_dlink.sm_52.cubin"
#$ fatbinary --create="tmp/a_dlink.fatbin" -64 --cicc-cmdline="-ftz=0 -prec_div=1 -prec_sqrt=1 -fmad=1 " -link "--image3=kind=elf,sm=52,file=tmp/a_dlink.sm_52.cubin" --embedded-fatbin="tmp/a_dlink.fatbin.c" 
#$ gcc -c -x c++ -DFATBINFILE="\"tmp/a_dlink.fatbin.c\"" -DREGISTERLINKBINARYFILE="\"tmp/a_dlink.reg.c\"" -I. -D__NV_EXTRA_INITIALIZATION= -D__NV_EXTRA_FINALIZATION= -D__CUDA_INCLUDE_COMPILER_INTERNAL_HEADERS__  "-I/usr/common/software/sles15_cgpu/cuda/11.1.1/bin/../targets/x86_64-linux/include"    -D__CUDACC_VER_MAJOR__=11 -D__CUDACC_VER_MINOR__=1 -D__CUDACC_VER_BUILD__=105 -D__CUDA_API_VER_MAJOR__=11 -D__CUDA_API_VER_MINOR__=1 -m64 "/usr/common/software/sles15_cgpu/cuda/11.1.1/bin/crt/link.stub" -o "tmp/a_dlink.o" 
#$ g++ -m64 -Wl,--start-group "tmp/a_dlink.o" "tmp/CMakeCUDACompilerId.o"   "-L/usr/common/software/sles15_cgpu/cuda/11.1.1/bin/../targets/x86_64-linux/lib/stubs" "-L/usr/common/software/sles15_cgpu/cuda/11.1.1/bin/../targets/x86_64-linux/lib"  -lcudadevrt  -lcudart_static  -lrt -lpthread  -ldl  -Wl,--end-group -o "a.out" 


Compilation of the CUDA compiler identification source "CMakeCUDACompilerId.cu" produced "a.out"

The CUDA compiler identification is NVIDIA, found in "/global/homes/m/mgawan/mhm2_kcount/kcount_kernel_driver/gpu-utils/build/CMakeFiles/3.10.2/CompilerIdCUDA/a.out"

Parsed CUDA nvcc implicit link information from above output:
  found 'PATH=' string: [/usr/common/software/sles15_cgpu/cuda/11.1.1/bin/../nvvm/bin:/usr/common/software/sles15_cgpu/cuda/11.1.1/bin:/usr/common/software/sles15_cgpu/cuda/11.1.1/bin:/opt/esslurm/bin:/global/u2/m/mgawan/.vscode-server/bin/6cba118ac49a1b88332f312a8f67186f7f3c1643/bin:/global/homes/m/mgawan/.vscode-server/bin/6cba118ac49a1b88332f312a8f67186f7f3c1643/bin:/opt/cray/pe/mpt/7.7.10/gni/bin:/opt/cray/rca/2.2.20-7.0.1.1_4.72__g8e3fb5b.ari/bin:/opt/cray/alps/6.6.58-7.0.1.1_6.28__g437d88db.ari/sbin:/opt/cray/alps/default/bin:/opt/cray/job/2.2.4-7.0.1.1_3.54__g36b56f4.ari/bin:/opt/cray/pe/craype/2.6.2/bin:/opt/intel/compilers_and_libraries_2019.3.199/linux/bin/intel64:/usr/common/software/darshan/3.2.1/bin:/global/common/cori/software/altd/2.0/bin:/usr/common/software/bin:/usr/common/nsg/bin:/opt/ovis/bin:/opt/ovis/sbin:/opt/cray/pe/modules/3.2.11.4/bin:/usr/local/bin:/usr/bin:/bin:/usr/lib/mit/bin:/usr/lib/mit/sbin:/opt/cray/pe/bin]
  found 'LIBRARIES=' string: ["-L/usr/common/software/sles15_cgpu/cuda/11.1.1/bin/../targets/x86_64-linux/lib/stubs" "-L/usr/common/software/sles15_cgpu/cuda/11.1.1/bin/../targets/x86_64-linux/lib"]
  considering line: [#$ rm tmp/a_dlink.reg.c]
  considering line: [gcc -D__CUDA_ARCH__=520 -E -x c++  -DCUDA_DOUBLE_MATH_FUNCTIONS -D__CUDACC__ -D__NVCC__  "-I/usr/common/software/sles15_cgpu/cuda/11.1.1/bin/../targets/x86_64-linux/include"    -D__CUDACC_VER_MAJOR__=11 -D__CUDACC_VER_MINOR__=1 -D__CUDACC_VER_BUILD__=105 -D__CUDA_API_VER_MAJOR__=11 -D__CUDA_API_VER_MINOR__=1 -include "cuda_runtime.h" -m64 "CMakeCUDACompilerId.cu" -o "tmp/CMakeCUDACompilerId.cpp1.ii" ]
  considering line: [cicc --c++14 --gnu_version=70500 --orig_src_file_name "CMakeCUDACompilerId.cu" --allow_managed   -arch compute_52 -m64 -ftz=0 -prec_div=1 -prec_sqrt=1 -fmad=1 --include_file_name "CMakeCUDACompilerId.fatbin.c" -tused -nvvmir-library "/usr/common/software/sles15_cgpu/cuda/11.1.1/bin/../nvvm/libdevice/libdevice.10.bc" --gen_module_id_file --module_id_file_name "tmp/CMakeCUDACompilerId.module_id" --gen_c_file_name "tmp/CMakeCUDACompilerId.cudafe1.c" --stub_file_name "tmp/CMakeCUDACompilerId.cudafe1.stub.c" --gen_device_file_name "tmp/CMakeCUDACompilerId.cudafe1.gpu"  "tmp/CMakeCUDACompilerId.cpp1.ii" -o "tmp/CMakeCUDACompilerId.ptx"]
  considering line: [ptxas -arch=sm_52 -m64  "tmp/CMakeCUDACompilerId.ptx"  -o "tmp/CMakeCUDACompilerId.sm_52.cubin" ]
  considering line: [fatbinary --create="tmp/CMakeCUDACompilerId.fatbin" -64 --cicc-cmdline="-ftz=0 -prec_div=1 -prec_sqrt=1 -fmad=1 " "--image3=kind=elf,sm=52,file=tmp/CMakeCUDACompilerId.sm_52.cubin" "--image3=kind=ptx,sm=52,file=tmp/CMakeCUDACompilerId.ptx" --embedded-fatbin="tmp/CMakeCUDACompilerId.fatbin.c" ]
  considering line: [gcc -E -x c++ -D__CUDACC__ -D__NVCC__  "-I/usr/common/software/sles15_cgpu/cuda/11.1.1/bin/../targets/x86_64-linux/include"    -D__CUDACC_VER_MAJOR__=11 -D__CUDACC_VER_MINOR__=1 -D__CUDACC_VER_BUILD__=105 -D__CUDA_API_VER_MAJOR__=11 -D__CUDA_API_VER_MINOR__=1 -include "cuda_runtime.h" -m64 "CMakeCUDACompilerId.cu" -o "tmp/CMakeCUDACompilerId.cpp4.ii" ]
  considering line: [cudafe++ --c++14 --gnu_version=70500 --orig_src_file_name "CMakeCUDACompilerId.cu" --allow_managed  --m64 --parse_templates --gen_c_file_name "tmp/CMakeCUDACompilerId.cudafe1.cpp" --stub_file_name "CMakeCUDACompilerId.cudafe1.stub.c" --module_id_file_name "tmp/CMakeCUDACompilerId.module_id" "tmp/CMakeCUDACompilerId.cpp4.ii" ]
  considering line: [gcc -D__CUDA_ARCH__=520 -c -x c++  -DCUDA_DOUBLE_MATH_FUNCTIONS "-I/usr/common/software/sles15_cgpu/cuda/11.1.1/bin/../targets/x86_64-linux/include"   -m64 "tmp/CMakeCUDACompilerId.cudafe1.cpp" -o "tmp/CMakeCUDACompilerId.o" ]
  considering line: [nvlink --arch=sm_52 --register-link-binaries="tmp/a_dlink.reg.c"  -m64   "-L/usr/common/software/sles15_cgpu/cuda/11.1.1/bin/../targets/x86_64-linux/lib/stubs" "-L/usr/common/software/sles15_cgpu/cuda/11.1.1/bin/../targets/x86_64-linux/lib" -cpu-arch=X86_64 "tmp/CMakeCUDACompilerId.o"  -lcudadevrt  -o "tmp/a_dlink.sm_52.cubin"]
    ignoring nvlink line
  considering line: [fatbinary --create="tmp/a_dlink.fatbin" -64 --cicc-cmdline="-ftz=0 -prec_div=1 -prec_sqrt=1 -fmad=1 " -link "--image3=kind=elf,sm=52,file=tmp/a_dlink.sm_52.cubin" --embedded-fatbin="tmp/a_dlink.fatbin.c" ]
  considering line: [gcc -c -x c++ -DFATBINFILE="\"tmp/a_dlink.fatbin.c\"" -DREGISTERLINKBINARYFILE="\"tmp/a_dlink.reg.c\"" -I. -D__NV_EXTRA_INITIALIZATION= -D__NV_EXTRA_FINALIZATION= -D__CUDA_INCLUDE_COMPILER_INTERNAL_HEADERS__  "-I/usr/common/software/sles15_cgpu/cuda/11.1.1/bin/../targets/x86_64-linux/include"    -D__CUDACC_VER_MAJOR__=11 -D__CUDACC_VER_MINOR__=1 -D__CUDACC_VER_BUILD__=105 -D__CUDA_API_VER_MAJOR__=11 -D__CUDA_API_VER_MINOR__=1 -m64 "/usr/common/software/sles15_cgpu/cuda/11.1.1/bin/crt/link.stub" -o "tmp/a_dlink.o" ]
  considering line: [g++ -m64 -Wl,--start-group "tmp/a_dlink.o" "tmp/CMakeCUDACompilerId.o"   "-L/usr/common/software/sles15_cgpu/cuda/11.1.1/bin/../targets/x86_64-linux/lib/stubs" "-L/usr/common/software/sles15_cgpu/cuda/11.1.1/bin/../targets/x86_64-linux/lib"  -lcudadevrt  -lcudart_static  -lrt -lpthread  -ldl  -Wl,--end-group -o "a.out" ]
    extracted link line: [g++ -m64 -Wl,--start-group "tmp/a_dlink.o" "tmp/CMakeCUDACompilerId.o"   "-L/usr/common/software/sles15_cgpu/cuda/11.1.1/bin/../targets/x86_64-linux/lib/stubs" "-L/usr/common/software/sles15_cgpu/cuda/11.1.1/bin/../targets/x86_64-linux/lib"  -lcudadevrt  -lcudart_static  -lrt -lpthread  -ldl  -Wl,--end-group -o "a.out" ]
  considering line: []
  extracted link launcher name: [g++]
  found link launcher absolute path: [/usr/bin/g++]

  link line regex: [^( *|.*[/\])(ld|CMAKE_LINK_STARTFILE-NOTFOUND|([^/\]+-)?ld|collect2)[^/\]*( |$)]
  link line: [cuda-fake-ld g++ -m64 -Wl,--start-group "tmp/a_dlink.o" "tmp/CMakeCUDACompilerId.o"   "-L/usr/common/software/sles15_cgpu/cuda/11.1.1/bin/../targets/x86_64-linux/lib/stubs" "-L/usr/common/software/sles15_cgpu/cuda/11.1.1/bin/../targets/x86_64-linux/lib"  -lcudadevrt  -lcudart_static  -lrt -lpthread  -ldl  -Wl,--end-group -o "a.out" ]
    arg [cuda-fake-ld] ==> ignore
    arg [g++] ==> ignore
    arg [-m64] ==> ignore
    arg [-Wl,--start-group] ==> ignore
    arg [tmp/a_dlink.o] ==> ignore
    arg [tmp/CMakeCUDACompilerId.o] ==> ignore
    arg [-L/usr/common/software/sles15_cgpu/cuda/11.1.1/bin/../targets/x86_64-linux/lib/stubs] ==> dir [/usr/common/software/sles15_cgpu/cuda/11.1.1/bin/../targets/x86_64-linux/lib/stubs]
    arg [-L/usr/common/software/sles15_cgpu/cuda/11.1.1/bin/../targets/x86_64-linux/lib] ==> dir [/usr/common/software/sles15_cgpu/cuda/11.1.1/bin/../targets/x86_64-linux/lib]
    arg [-lcudadevrt] ==> lib [cudadevrt]
    arg [-lcudart_static] ==> lib [cudart_static]
    arg [-lrt] ==> lib [rt]
    arg [-lpthread] ==> lib [pthread]
    arg [-ldl] ==> lib [dl]
    arg [-Wl,--end-group] ==> ignore
    arg [-o] ==> ignore
    arg [a.out] ==> ignore
  collapse library dir [/usr/common/software/sles15_cgpu/cuda/11.1.1/bin/../targets/x86_64-linux/lib/stubs] ==> [/usr/common/software/sles15_cgpu/cuda/11.1.1/targets/x86_64-linux/lib/stubs]
  collapse library dir [/usr/common/software/sles15_cgpu/cuda/11.1.1/bin/../targets/x86_64-linux/lib] ==> [/usr/common/software/sles15_cgpu/cuda/11.1.1/targets/x86_64-linux/lib]
  implicit libs: [cudadevrt;cudart_static;rt;pthread;dl]
  implicit dirs: [/usr/common/software/sles15_cgpu/cuda/11.1.1/targets/x86_64-linux/lib/stubs;/usr/common/software/sles15_cgpu/cuda/11.1.1/targets/x86_64-linux/lib]
  implicit fwks: []


Parsed CUDA nvcc include information from above output:
  found 'PATH=' string: [/usr/common/software/sles15_cgpu/cuda/11.1.1/bin/../nvvm/bin:/usr/common/software/sles15_cgpu/cuda/11.1.1/bin:/usr/common/software/sles15_cgpu/cuda/11.1.1/bin:/opt/esslurm/bin:/global/u2/m/mgawan/.vscode-server/bin/6cba118ac49a1b88332f312a8f67186f7f3c1643/bin:/global/homes/m/mgawan/.vscode-server/bin/6cba118ac49a1b88332f312a8f67186f7f3c1643/bin:/opt/cray/pe/mpt/7.7.10/gni/bin:/opt/cray/rca/2.2.20-7.0.1.1_4.72__g8e3fb5b.ari/bin:/opt/cray/alps/6.6.58-7.0.1.1_6.28__g437d88db.ari/sbin:/opt/cray/alps/default/bin:/opt/cray/job/2.2.4-7.0.1.1_3.54__g36b56f4.ari/bin:/opt/cray/pe/craype/2.6.2/bin:/opt/intel/compilers_and_libraries_2019.3.199/linux/bin/intel64:/usr/common/software/darshan/3.2.1/bin:/global/common/cori/software/altd/2.0/bin:/usr/common/software/bin:/usr/common/nsg/bin:/opt/ovis/bin:/opt/ovis/sbin:/opt/cray/pe/modules/3.2.11.4/bin:/usr/local/bin:/usr/bin:/bin:/usr/lib/mit/bin:/usr/lib/mit/sbin:/opt/cray/pe/bin]
  found 'LIBRARIES=' string: ["-L/usr/common/software/sles15_cgpu/cuda/11.1.1/bin/../targets/x86_64-linux/lib/stubs" "-L/usr/common/software/sles15_cgpu/cuda/11.1.1/bin/../targets/x86_64-linux/lib"]
  considering line: [#$ rm tmp/a_dlink.reg.c]
  considering line: [gcc -D__CUDA_ARCH__=520 -E -x c++  -DCUDA_DOUBLE_MATH_FUNCTIONS -D__CUDACC__ -D__NVCC__  "-I/usr/common/software/sles15_cgpu/cuda/11.1.1/bin/../targets/x86_64-linux/include"    -D__CUDACC_VER_MAJOR__=11 -D__CUDACC_VER_MINOR__=1 -D__CUDACC_VER_BUILD__=105 -D__CUDA_API_VER_MAJOR__=11 -D__CUDA_API_VER_MINOR__=1 -include "cuda_runtime.h" -m64 "CMakeCUDACompilerId.cu" -o "tmp/CMakeCUDACompilerId.cpp1.ii" ]
  considering line: [cicc --c++14 --gnu_version=70500 --orig_src_file_name "CMakeCUDACompilerId.cu" --allow_managed   -arch compute_52 -m64 -ftz=0 -prec_div=1 -prec_sqrt=1 -fmad=1 --include_file_name "CMakeCUDACompilerId.fatbin.c" -tused -nvvmir-library "/usr/common/software/sles15_cgpu/cuda/11.1.1/bin/../nvvm/libdevice/libdevice.10.bc" --gen_module_id_file --module_id_file_name "tmp/CMakeCUDACompilerId.module_id" --gen_c_file_name "tmp/CMakeCUDACompilerId.cudafe1.c" --stub_file_name "tmp/CMakeCUDACompilerId.cudafe1.stub.c" --gen_device_file_name "tmp/CMakeCUDACompilerId.cudafe1.gpu"  "tmp/CMakeCUDACompilerId.cpp1.ii" -o "tmp/CMakeCUDACompilerId.ptx"]
  considering line: [ptxas -arch=sm_52 -m64  "tmp/CMakeCUDACompilerId.ptx"  -o "tmp/CMakeCUDACompilerId.sm_52.cubin" ]
  considering line: [fatbinary --create="tmp/CMakeCUDACompilerId.fatbin" -64 --cicc-cmdline="-ftz=0 -prec_div=1 -prec_sqrt=1 -fmad=1 " "--image3=kind=elf,sm=52,file=tmp/CMakeCUDACompilerId.sm_52.cubin" "--image3=kind=ptx,sm=52,file=tmp/CMakeCUDACompilerId.ptx" --embedded-fatbin="tmp/CMakeCUDACompilerId.fatbin.c" ]
  considering line: [gcc -E -x c++ -D__CUDACC__ -D__NVCC__  "-I/usr/common/software/sles15_cgpu/cuda/11.1.1/bin/../targets/x86_64-linux/include"    -D__CUDACC_VER_MAJOR__=11 -D__CUDACC_VER_MINOR__=1 -D__CUDACC_VER_BUILD__=105 -D__CUDA_API_VER_MAJOR__=11 -D__CUDA_API_VER_MINOR__=1 -include "cuda_runtime.h" -m64 "CMakeCUDACompilerId.cu" -o "tmp/CMakeCUDACompilerId.cpp4.ii" ]
  considering line: [cudafe++ --c++14 --gnu_version=70500 --orig_src_file_name "CMakeCUDACompilerId.cu" --allow_managed  --m64 --parse_templates --gen_c_file_name "tmp/CMakeCUDACompilerId.cudafe1.cpp" --stub_file_name "CMakeCUDACompilerId.cudafe1.stub.c" --module_id_file_name "tmp/CMakeCUDACompilerId.module_id" "tmp/CMakeCUDACompilerId.cpp4.ii" ]
  considering line: [gcc -D__CUDA_ARCH__=520 -c -x c++  -DCUDA_DOUBLE_MATH_FUNCTIONS "-I/usr/common/software/sles15_cgpu/cuda/11.1.1/bin/../targets/x86_64-linux/include"   -m64 "tmp/CMakeCUDACompilerId.cudafe1.cpp" -o "tmp/CMakeCUDACompilerId.o" ]
  considering line: [nvlink --arch=sm_52 --register-link-binaries="tmp/a_dlink.reg.c"  -m64   "-L/usr/common/software/sles15_cgpu/cuda/11.1.1/bin/../targets/x86_64-linux/lib/stubs" "-L/usr/common/software/sles15_cgpu/cuda/11.1.1/bin/../targets/x86_64-linux/lib" -cpu-arch=X86_64 "tmp/CMakeCUDACompilerId.o"  -lcudadevrt  -o "tmp/a_dlink.sm_52.cubin"]
    ignoring nvlink line
  considering line: [fatbinary --create="tmp/a_dlink.fatbin" -64 --cicc-cmdline="-ftz=0 -prec_div=1 -prec_sqrt=1 -fmad=1 " -link "--image3=kind=elf,sm=52,file=tmp/a_dlink.sm_52.cubin" --embedded-fatbin="tmp/a_dlink.fatbin.c" ]
  considering line: [gcc -c -x c++ -DFATBINFILE="\"tmp/a_dlink.fatbin.c\"" -DREGISTERLINKBINARYFILE="\"tmp/a_dlink.reg.c\"" -I. -D__NV_EXTRA_INITIALIZATION= -D__NV_EXTRA_FINALIZATION= -D__CUDA_INCLUDE_COMPILER_INTERNAL_HEADERS__  "-I/usr/common/software/sles15_cgpu/cuda/11.1.1/bin/../targets/x86_64-linux/include"    -D__CUDACC_VER_MAJOR__=11 -D__CUDACC_VER_MINOR__=1 -D__CUDACC_VER_BUILD__=105 -D__CUDA_API_VER_MAJOR__=11 -D__CUDA_API_VER_MINOR__=1 -m64 "/usr/common/software/sles15_cgpu/cuda/11.1.1/bin/crt/link.stub" -o "tmp/a_dlink.o" ]
  considering line: [g++ -m64 -Wl,--start-group "tmp/a_dlink.o" "tmp/CMakeCUDACompilerId.o"   "-L/usr/common/software/sles15_cgpu/cuda/11.1.1/bin/../targets/x86_64-linux/lib/stubs" "-L/usr/common/software/sles15_cgpu/cuda/11.1.1/bin/../targets/x86_64-linux/lib"  -lcudadevrt  -lcudart_static  -lrt -lpthread  -ldl  -Wl,--end-group -o "a.out" ]
    extracted link line: [g++ -m64 -Wl,--start-group "tmp/a_dlink.o" "tmp/CMakeCUDACompilerId.o"   "-L/usr/common/software/sles15_cgpu/cuda/11.1.1/bin/../targets/x86_64-linux/lib/stubs" "-L/usr/common/software/sles15_cgpu/cuda/11.1.1/bin/../targets/x86_64-linux/lib"  -lcudadevrt  -lcudart_static  -lrt -lpthread  -ldl  -Wl,--end-group -o "a.out" ]
  considering line: []
  extracted link launcher name: [g++]
  found link launcher absolute path: [/usr/bin/g++]
  found 'INCLUDES=' string: ["-I/usr/common/software/sles15_cgpu/cuda/11.1.1/bin/../targets/x86_64-linux/include"  ]

  link line regex: [^( *|.*[/\])(ld|CMAKE_LINK_STARTFILE-NOTFOUND|([^/\]+-)?ld|collect2)[^/\]*( |$)]
  link line: [cuda-fake-ld g++ -m64 -Wl,--start-group "tmp/a_dlink.o" "tmp/CMakeCUDACompilerId.o"   "-L/usr/common/software/sles15_cgpu/cuda/11.1.1/bin/../targets/x86_64-linux/lib/stubs" "-L/usr/common/software/sles15_cgpu/cuda/11.1.1/bin/../targets/x86_64-linux/lib"  -lcudadevrt  -lcudart_static  -lrt -lpthread  -ldl  -Wl,--end-group -o "a.out" ]
    arg [cuda-fake-ld] ==> ignore
    arg [g++] ==> ignore
    arg [-m64] ==> ignore
    arg [-Wl,--start-group] ==> ignore
    arg [tmp/a_dlink.o] ==> ignore
    arg [tmp/CMakeCUDACompilerId.o] ==> ignore
    arg [-L/usr/common/software/sles15_cgpu/cuda/11.1.1/bin/../targets/x86_64-linux/lib/stubs] ==> dir [/usr/common/software/sles15_cgpu/cuda/11.1.1/bin/../targets/x86_64-linux/lib/stubs]
    arg [-L/usr/common/software/sles15_cgpu/cuda/11.1.1/bin/../targets/x86_64-linux/lib] ==> dir [/usr/common/software/sles15_cgpu/cuda/11.1.1/bin/../targets/x86_64-linux/lib]
    arg [-lcudadevrt] ==> lib [cudadevrt]
    arg [-lcudart_static] ==> lib [cudart_static]
    arg [-lrt] ==> lib [rt]
    arg [-lpthread] ==> lib [pthread]
    arg [-ldl] ==> lib [dl]
    arg [-Wl,--end-group] ==> ignore
    arg [-o] ==> ignore
    arg [a.out] ==> ignore
  collapse library dir [/usr/common/software/sles15_cgpu/cuda/11.1.1/bin/../targets/x86_64-linux/lib/stubs] ==> [/usr/common/software/sles15_cgpu/cuda/11.1.1/targets/x86_64-linux/lib/stubs]
  collapse library dir [/usr/common/software/sles15_cgpu/cuda/11.1.1/bin/../targets/x86_64-linux/lib] ==> [/usr/common/software/sles15_cgpu/cuda/11.1.1/targets/x86_64-linux/lib]
  implicit libs: [cudadevrt;cudart_static;rt;pthread;dl]
  implicit dirs: [/usr/common/software/sles15_cgpu/cuda/11.1.1/targets/x86_64-linux/lib/stubs;/usr/common/software/sles15_cgpu/cuda/11.1.1/targets/x86_64-linux/lib]
  implicit fwks: []


Determining if the CUDA compiler works passed with the following output:
Change Dir: /global/homes/m/mgawan/mhm2_kcount/kcount_kernel_driver/gpu-utils/build/CMakeFiles/CMakeTmp

Run Build Command:"/usr/bin/gmake" "cmTC_49537/fast"
/usr/bin/gmake -f CMakeFiles/cmTC_49537.dir/build.make CMakeFiles/cmTC_49537.dir/build
gmake[1]: Entering directory '/global/u2/m/mgawan/mhm2_kcount/kcount_kernel_driver/gpu-utils/build/CMakeFiles/CMakeTmp'
Building CUDA object CMakeFiles/cmTC_49537.dir/main.cu.o
/usr/common/software/sles15_cgpu/cuda/11.1.1/bin/nvcc     -x cu -c /global/homes/m/mgawan/mhm2_kcount/kcount_kernel_driver/gpu-utils/build/CMakeFiles/CMakeTmp/main.cu -o CMakeFiles/cmTC_49537.dir/main.cu.o
Linking CUDA device code CMakeFiles/cmTC_49537.dir/cmake_device_link.o
/usr/bin/cmake -E cmake_link_script CMakeFiles/cmTC_49537.dir/dlink.txt --verbose=1
/usr/common/software/sles15_cgpu/cuda/11.1.1/bin/nvcc     -Xcompiler=-fPIC -Wno-deprecated-gpu-targets -shared -dlink CMakeFiles/cmTC_49537.dir/main.cu.o -o CMakeFiles/cmTC_49537.dir/cmake_device_link.o 
Linking CUDA executable cmTC_49537
/usr/bin/cmake -E cmake_link_script CMakeFiles/cmTC_49537.dir/link.txt --verbose=1
/usr/bin/g++    CMakeFiles/cmTC_49537.dir/main.cu.o CMakeFiles/cmTC_49537.dir/cmake_device_link.o -o cmTC_49537  -L"/usr/common/software/sles15_cgpu/cuda/11.1.1/targets/x86_64-linux/lib/stubs" -L"/usr/common/software/sles15_cgpu/cuda/11.1.1/targets/x86_64-linux/lib" -lcudadevrt -lcudart_static -lrt -lpthread -ldl
gmake[1]: Leaving directory '/global/u2/m/mgawan/mhm2_kcount/kcount_kernel_driver/gpu-utils/build/CMakeFiles/CMakeTmp'


Detecting CUDA compiler ABI info compiled with the following output:
Change Dir: /global/homes/m/mgawan/mhm2_kcount/kcount_kernel_driver/gpu-utils/build/CMakeFiles/CMakeTmp

Run Build Command:"/usr/bin/gmake" "cmTC_3ddb9/fast"
/usr/bin/gmake -f CMakeFiles/cmTC_3ddb9.dir/build.make CMakeFiles/cmTC_3ddb9.dir/build
gmake[1]: Entering directory '/global/u2/m/mgawan/mhm2_kcount/kcount_kernel_driver/gpu-utils/build/CMakeFiles/CMakeTmp'
Building CUDA object CMakeFiles/cmTC_3ddb9.dir/CMakeCUDACompilerABI.cu.o
/usr/common/software/sles15_cgpu/cuda/11.1.1/bin/nvcc     -x cu -c /usr/share/cmake/Modules/CMakeCUDACompilerABI.cu -o CMakeFiles/cmTC_3ddb9.dir/CMakeCUDACompilerABI.cu.o
Linking CUDA device code CMakeFiles/cmTC_3ddb9.dir/cmake_device_link.o
/usr/bin/cmake -E cmake_link_script CMakeFiles/cmTC_3ddb9.dir/dlink.txt --verbose=1
/usr/common/software/sles15_cgpu/cuda/11.1.1/bin/nvcc     -Xcompiler=-fPIC -Wno-deprecated-gpu-targets -shared -dlink CMakeFiles/cmTC_3ddb9.dir/CMakeCUDACompilerABI.cu.o -o CMakeFiles/cmTC_3ddb9.dir/cmake_device_link.o 
Linking CUDA executable cmTC_3ddb9
/usr/bin/cmake -E cmake_link_script CMakeFiles/cmTC_3ddb9.dir/link.txt --verbose=1
/usr/bin/g++   -v CMakeFiles/cmTC_3ddb9.dir/CMakeCUDACompilerABI.cu.o CMakeFiles/cmTC_3ddb9.dir/cmake_device_link.o -o cmTC_3ddb9  -L"/usr/common/software/sles15_cgpu/cuda/11.1.1/targets/x86_64-linux/lib/stubs" -L"/usr/common/software/sles15_cgpu/cuda/11.1.1/targets/x86_64-linux/lib" -lcudadevrt -lcudart_static -lrt -lpthread -ldl
Using built-in specs.
COLLECT_GCC=/usr/bin/g++
COLLECT_LTO_WRAPPER=/usr/lib64/gcc/x86_64-suse-linux/7/lto-wrapper
OFFLOAD_TARGET_NAMES=hsa:nvptx-none
Target: x86_64-suse-linux
Configured with: ../configure --prefix=/usr --infodir=/usr/share/info --mandir=/usr/share/man --libdir=/usr/lib64 --libexecdir=/usr/lib64 --enable-languages=c,c++,objc,fortran,obj-c++,ada,go --enable-offload-targets=hsa,nvptx-none, --without-cuda-driver --enable-checking=release --disable-werror --with-gxx-include-dir=/usr/include/c++/7 --enable-ssp --disable-libssp --disable-libvtv --disable-libcc1 --disable-plugin --with-bugurl=https://bugs.opensuse.org/ --with-pkgversion='SUSE Linux' --with-slibdir=/lib64 --with-system-zlib --enable-libstdcxx-allocator=new --disable-libstdcxx-pch --enable-version-specific-runtime-libs --with-gcc-major-version-only --enable-linker-build-id --enable-linux-futex --enable-gnu-indirect-function --program-suffix=-7 --without-system-libunwind --enable-multilib --with-arch-32=x86-64 --with-tune=generic --build=x86_64-suse-linux --host=x86_64-suse-linux
Thread model: posix
gcc version 7.5.0 (SUSE Linux) 
COMPILER_PATH=/usr/lib64/gcc/x86_64-suse-linux/7/:/usr/lib64/gcc/x86_64-suse-linux/7/:/usr/lib64/gcc/x86_64-suse-linux/:/usr/lib64/gcc/x86_64-suse-linux/7/:/usr/lib64/gcc/x86_64-suse-linux/:/usr/lib64/gcc/x86_64-suse-linux/7/../../../../x86_64-suse-linux/bin/
LIBRARY_PATH=/usr/lib64/gcc/x86_64-suse-linux/7/:/usr/lib64/gcc/x86_64-suse-linux/7/../../../../lib64/:/lib/../lib64/:/usr/lib/../lib64/:/opt/intel/compilers_and_libraries_2019.3.199/linux/compiler/lib/intel64/:/opt/intel/compilers_and_libraries_2019.3.199/linux/mkl/lib/intel64/:/usr/lib64/gcc/x86_64-suse-linux/7/../../../../x86_64-suse-linux/lib/:/usr/lib64/gcc/x86_64-suse-linux/7/../../../:/lib/:/usr/lib/
COLLECT_GCC_OPTIONS='-v' '-o' 'cmTC_3ddb9' '-L/usr/common/software/sles15_cgpu/cuda/11.1.1/targets/x86_64-linux/lib/stubs' '-L/usr/common/software/sles15_cgpu/cuda/11.1.1/targets/x86_64-linux/lib' '-shared-libgcc' '-mtune=generic' '-march=x86-64'
 /usr/lib64/gcc/x86_64-suse-linux/7/collect2 -plugin /usr/lib64/gcc/x86_64-suse-linux/7/liblto_plugin.so -plugin-opt=/usr/lib64/gcc/x86_64-suse-linux/7/lto-wrapper -plugin-opt=-fresolution=/tmp/ccfoD0Wo.res -plugin-opt=-pass-through=-lgcc_s -plugin-opt=-pass-through=-lgcc -plugin-opt=-pass-through=-lc -plugin-opt=-pass-through=-lgcc_s -plugin-opt=-pass-through=-lgcc --build-id --eh-frame-hdr -m elf_x86_64 -dynamic-linker /lib64/ld-linux-x86-64.so.2 -o cmTC_3ddb9 /usr/lib64/gcc/x86_64-suse-linux/7/../../../../lib64/crt1.o /usr/lib64/gcc/x86_64-suse-linux/7/../../../../lib64/crti.o /usr/lib64/gcc/x86_64-suse-linux/7/crtbegin.o -L/usr/common/software/sles15_cgpu/cuda/11.1.1/targets/x86_64-linux/lib/stubs -L/usr/common/software/sles15_cgpu/cuda/11.1.1/targets/x86_64-linux/lib -L/usr/lib64/gcc/x86_64-suse-linux/7 -L/usr/lib64/gcc/x86_64-suse-linux/7/../../../../lib64 -L/lib/../lib64 -L/usr/lib/../lib64 -L/opt/intel/compilers_and_libraries_2019.3.199/linux/compiler/lib/intel64 -L/opt/intel/compilers_and_libraries_2019.3.199/linux/mkl/lib/intel64 -L/usr/lib64/gcc/x86_64-suse-linux/7/../../../../x86_64-suse-linux/lib -L/usr/lib64/gcc/x86_64-suse-linux/7/../../.. CMakeFiles/cmTC_3ddb9.dir/CMakeCUDACompilerABI.cu.o CMakeFiles/cmTC_3ddb9.dir/cmake_device_link.o -lcudadevrt -lcudart_static -lrt -lpthread -ldl -lstdc++ -lm -lgcc_s -lgcc -lc -lgcc_s -lgcc /usr/lib64/gcc/x86_64-suse-linux/7/crtend.o /usr/lib64/gcc/x86_64-suse-linux/7/../../../../lib64/crtn.o
COLLECT_GCC_OPTIONS='-v' '-o' 'cmTC_3ddb9' '-L/usr/common/software/sles15_cgpu/cuda/11.1.1/targets/x86_64-linux/lib/stubs' '-L/usr/common/software/sles15_cgpu/cuda/11.1.1/targets/x86_64-linux/lib' '-shared-libgcc' '-mtune=generic' '-march=x86-64'
gmake[1]: Leaving directory '/global/u2/m/mgawan/mhm2_kcount/kcount_kernel_driver/gpu-utils/build/CMakeFiles/CMakeTmp'


Parsed CUDA implicit link information from above output:
  link line regex: [^( *|.*[/\])(ld|CMAKE_LINK_STARTFILE-NOTFOUND|([^/\]+-)?ld|collect2)[^/\]*( |$)]
  ignore line: [Change Dir: /global/homes/m/mgawan/mhm2_kcount/kcount_kernel_driver/gpu-utils/build/CMakeFiles/CMakeTmp]
  ignore line: []
  ignore line: [Run Build Command:"/usr/bin/gmake" "cmTC_3ddb9/fast"]
  ignore line: [/usr/bin/gmake -f CMakeFiles/cmTC_3ddb9.dir/build.make CMakeFiles/cmTC_3ddb9.dir/build]
  ignore line: [gmake[1]: Entering directory '/global/u2/m/mgawan/mhm2_kcount/kcount_kernel_driver/gpu-utils/build/CMakeFiles/CMakeTmp']
  ignore line: [Building CUDA object CMakeFiles/cmTC_3ddb9.dir/CMakeCUDACompilerABI.cu.o]
  ignore line: [/usr/common/software/sles15_cgpu/cuda/11.1.1/bin/nvcc     -x cu -c /usr/share/cmake/Modules/CMakeCUDACompilerABI.cu -o CMakeFiles/cmTC_3ddb9.dir/CMakeCUDACompilerABI.cu.o]
  ignore line: [Linking CUDA device code CMakeFiles/cmTC_3ddb9.dir/cmake_device_link.o]
  ignore line: [/usr/bin/cmake -E cmake_link_script CMakeFiles/cmTC_3ddb9.dir/dlink.txt --verbose=1]
  ignore line: [/usr/common/software/sles15_cgpu/cuda/11.1.1/bin/nvcc     -Xcompiler=-fPIC -Wno-deprecated-gpu-targets -shared -dlink CMakeFiles/cmTC_3ddb9.dir/CMakeCUDACompilerABI.cu.o -o CMakeFiles/cmTC_3ddb9.dir/cmake_device_link.o ]
  ignore line: [Linking CUDA executable cmTC_3ddb9]
  ignore line: [/usr/bin/cmake -E cmake_link_script CMakeFiles/cmTC_3ddb9.dir/link.txt --verbose=1]
  ignore line: [/usr/bin/g++   -v CMakeFiles/cmTC_3ddb9.dir/CMakeCUDACompilerABI.cu.o CMakeFiles/cmTC_3ddb9.dir/cmake_device_link.o -o cmTC_3ddb9  -L"/usr/common/software/sles15_cgpu/cuda/11.1.1/targets/x86_64-linux/lib/stubs" -L"/usr/common/software/sles15_cgpu/cuda/11.1.1/targets/x86_64-linux/lib" -lcudadevrt -lcudart_static -lrt -lpthread -ldl]
  ignore line: [Using built-in specs.]
  ignore line: [COLLECT_GCC=/usr/bin/g++]
  ignore line: [COLLECT_LTO_WRAPPER=/usr/lib64/gcc/x86_64-suse-linux/7/lto-wrapper]
  ignore line: [OFFLOAD_TARGET_NAMES=hsa:nvptx-none]
  ignore line: [Target: x86_64-suse-linux]
  ignore line: [Configured with: ../configure --prefix=/usr --infodir=/usr/share/info --mandir=/usr/share/man --libdir=/usr/lib64 --libexecdir=/usr/lib64 --enable-languages=c,c++,objc,fortran,obj-c++,ada,go --enable-offload-targets=hsa,nvptx-none, --without-cuda-driver --enable-checking=release --disable-werror --with-gxx-include-dir=/usr/include/c++/7 --enable-ssp --disable-libssp --disable-libvtv --disable-libcc1 --disable-plugin --with-bugurl=https://bugs.opensuse.org/ --with-pkgversion='SUSE Linux' --with-slibdir=/lib64 --with-system-zlib --enable-libstdcxx-allocator=new --disable-libstdcxx-pch --enable-version-specific-runtime-libs --with-gcc-major-version-only --enable-linker-build-id --enable-linux-futex --enable-gnu-indirect-function --program-suffix=-7 --without-system-libunwind --enable-multilib --with-arch-32=x86-64 --with-tune=generic --build=x86_64-suse-linux --host=x86_64-suse-linux]
  ignore line: [Thread model: posix]
  ignore line: [gcc version 7.5.0 (SUSE Linux) ]
  ignore line: [COMPILER_PATH=/usr/lib64/gcc/x86_64-suse-linux/7/:/usr/lib64/gcc/x86_64-suse-linux/7/:/usr/lib64/gcc/x86_64-suse-linux/:/usr/lib64/gcc/x86_64-suse-linux/7/:/usr/lib64/gcc/x86_64-suse-linux/:/usr/lib64/gcc/x86_64-suse-linux/7/../../../../x86_64-suse-linux/bin/]
  ignore line: [LIBRARY_PATH=/usr/lib64/gcc/x86_64-suse-linux/7/:/usr/lib64/gcc/x86_64-suse-linux/7/../../../../lib64/:/lib/../lib64/:/usr/lib/../lib64/:/opt/intel/compilers_and_libraries_2019.3.199/linux/compiler/lib/intel64/:/opt/intel/compilers_and_libraries_2019.3.199/linux/mkl/lib/intel64/:/usr/lib64/gcc/x86_64-suse-linux/7/../../../../x86_64-suse-linux/lib/:/usr/lib64/gcc/x86_64-suse-linux/7/../../../:/lib/:/usr/lib/]
  ignore line: [COLLECT_GCC_OPTIONS='-v' '-o' 'cmTC_3ddb9' '-L/usr/common/software/sles15_cgpu/cuda/11.1.1/targets/x86_64-linux/lib/stubs' '-L/usr/common/software/sles15_cgpu/cuda/11.1.1/targets/x86_64-linux/lib' '-shared-libgcc' '-mtune=generic' '-march=x86-64']
  link line: [ /usr/lib64/gcc/x86_64-suse-linux/7/collect2 -plugin /usr/lib64/gcc/x86_64-suse-linux/7/liblto_plugin.so -plugin-opt=/usr/lib64/gcc/x86_64-suse-linux/7/lto-wrapper -plugin-opt=-fresolution=/tmp/ccfoD0Wo.res -plugin-opt=-pass-through=-lgcc_s -plugin-opt=-pass-through=-lgcc -plugin-opt=-pass-through=-lc -plugin-opt=-pass-through=-lgcc_s -plugin-opt=-pass-through=-lgcc --build-id --eh-frame-hdr -m elf_x86_64 -dynamic-linker /lib64/ld-linux-x86-64.so.2 -o cmTC_3ddb9 /usr/lib64/gcc/x86_64-suse-linux/7/../../../../lib64/crt1.o /usr/lib64/gcc/x86_64-suse-linux/7/../../../../lib64/crti.o /usr/lib64/gcc/x86_64-suse-linux/7/crtbegin.o -L/usr/common/software/sles15_cgpu/cuda/11.1.1/targets/x86_64-linux/lib/stubs -L/usr/common/software/sles15_cgpu/cuda/11.1.1/targets/x86_64-linux/lib -L/usr/lib64/gcc/x86_64-suse-linux/7 -L/usr/lib64/gcc/x86_64-suse-linux/7/../../../../lib64 -L/lib/../lib64 -L/usr/lib/../lib64 -L/opt/intel/compilers_and_libraries_2019.3.199/linux/compiler/lib/intel64 -L/opt/intel/compilers_and_libraries_2019.3.199/linux/mkl/lib/intel64 -L/usr/lib64/gcc/x86_64-suse-linux/7/../../../../x86_64-suse-linux/lib -L/usr/lib64/gcc/x86_64-suse-linux/7/../../.. CMakeFiles/cmTC_3ddb9.dir/CMakeCUDACompilerABI.cu.o CMakeFiles/cmTC_3ddb9.dir/cmake_device_link.o -lcudadevrt -lcudart_static -lrt -lpthread -ldl -lstdc++ -lm -lgcc_s -lgcc -lc -lgcc_s -lgcc /usr/lib64/gcc/x86_64-suse-linux/7/crtend.o /usr/lib64/gcc/x86_64-suse-linux/7/../../../../lib64/crtn.o]
    arg [/usr/lib64/gcc/x86_64-suse-linux/7/collect2] ==> ignore
    arg [-plugin] ==> ignore
    arg [/usr/lib64/gcc/x86_64-suse-linux/7/liblto_plugin.so] ==> ignore
    arg [-plugin-opt=/usr/lib64/gcc/x86_64-suse-linux/7/lto-wrapper] ==> ignore
    arg [-plugin-opt=-fresolution=/tmp/ccfoD0Wo.res] ==> ignore
    arg [-plugin-opt=-pass-through=-lgcc_s] ==> ignore
    arg [-plugin-opt=-pass-through=-lgcc] ==> ignore
    arg [-plugin-opt=-pass-through=-lc] ==> ignore
    arg [-plugin-opt=-pass-through=-lgcc_s] ==> ignore
    arg [-plugin-opt=-pass-through=-lgcc] ==> ignore
    arg [--build-id] ==> ignore
    arg [--eh-frame-hdr] ==> ignore
    arg [-m] ==> ignore
    arg [elf_x86_64] ==> ignore
    arg [-dynamic-linker] ==> ignore
    arg [/lib64/ld-linux-x86-64.so.2] ==> ignore
    arg [-o] ==> ignore
    arg [cmTC_3ddb9] ==> ignore
    arg [/usr/lib64/gcc/x86_64-suse-linux/7/../../../../lib64/crt1.o] ==> ignore
    arg [/usr/lib64/gcc/x86_64-suse-linux/7/../../../../lib64/crti.o] ==> ignore
    arg [/usr/lib64/gcc/x86_64-suse-linux/7/crtbegin.o] ==> ignore
    arg [-L/usr/common/software/sles15_cgpu/cuda/11.1.1/targets/x86_64-linux/lib/stubs] ==> dir [/usr/common/software/sles15_cgpu/cuda/11.1.1/targets/x86_64-linux/lib/stubs]
    arg [-L/usr/common/software/sles15_cgpu/cuda/11.1.1/targets/x86_64-linux/lib] ==> dir [/usr/common/software/sles15_cgpu/cuda/11.1.1/targets/x86_64-linux/lib]
    arg [-L/usr/lib64/gcc/x86_64-suse-linux/7] ==> dir [/usr/lib64/gcc/x86_64-suse-linux/7]
    arg [-L/usr/lib64/gcc/x86_64-suse-linux/7/../../../../lib64] ==> dir [/usr/lib64/gcc/x86_64-suse-linux/7/../../../../lib64]
    arg [-L/lib/../lib64] ==> dir [/lib/../lib64]
    arg [-L/usr/lib/../lib64] ==> dir [/usr/lib/../lib64]
    arg [-L/opt/intel/compilers_and_libraries_2019.3.199/linux/compiler/lib/intel64] ==> dir [/opt/intel/compilers_and_libraries_2019.3.199/linux/compiler/lib/intel64]
    arg [-L/opt/intel/compilers_and_libraries_2019.3.199/linux/mkl/lib/intel64] ==> dir [/opt/intel/compilers_and_libraries_2019.3.199/linux/mkl/lib/intel64]
    arg [-L/usr/lib64/gcc/x86_64-suse-linux/7/../../../../x86_64-suse-linux/lib] ==> dir [/usr/lib64/gcc/x86_64-suse-linux/7/../../../../x86_64-suse-linux/lib]
    arg [-L/usr/lib64/gcc/x86_64-suse-linux/7/../../..] ==> dir [/usr/lib64/gcc/x86_64-suse-linux/7/../../..]
    arg [CMakeFiles/cmTC_3ddb9.dir/CMakeCUDACompilerABI.cu.o] ==> ignore
    arg [CMakeFiles/cmTC_3ddb9.dir/cmake_device_link.o] ==> ignore
    arg [-lcudadevrt] ==> lib [cudadevrt]
    arg [-lcudart_static] ==> lib [cudart_static]
    arg [-lrt] ==> lib [rt]
    arg [-lpthread] ==> lib [pthread]
    arg [-ldl] ==> lib [dl]
    arg [-lstdc++] ==> lib [stdc++]
    arg [-lm] ==> lib [m]
    arg [-lgcc_s] ==> lib [gcc_s]
    arg [-lgcc] ==> lib [gcc]
    arg [-lc] ==> lib [c]
    arg [-lgcc_s] ==> lib [gcc_s]
    arg [-lgcc] ==> lib [gcc]
    arg [/usr/lib64/gcc/x86_64-suse-linux/7/crtend.o] ==> ignore
    arg [/usr/lib64/gcc/x86_64-suse-linux/7/../../../../lib64/crtn.o] ==> ignore
  collapse library dir [/usr/common/software/sles15_cgpu/cuda/11.1.1/targets/x86_64-linux/lib/stubs] ==> [/usr/common/software/sles15_cgpu/cuda/11.1.1/targets/x86_64-linux/lib/stubs]
  collapse library dir [/usr/common/software/sles15_cgpu/cuda/11.1.1/targets/x86_64-linux/lib] ==> [/usr/common/software/sles15_cgpu/cuda/11.1.1/targets/x86_64-linux/lib]
  collapse library dir [/usr/lib64/gcc/x86_64-suse-linux/7] ==> [/usr/lib64/gcc/x86_64-suse-linux/7]
  collapse library dir [/usr/lib64/gcc/x86_64-suse-linux/7/../../../../lib64] ==> [/usr/lib64]
  collapse library dir [/lib/../lib64] ==> [/lib64]
  collapse library dir [/usr/lib/../lib64] ==> [/usr/lib64]
  collapse library dir [/opt/intel/compilers_and_libraries_2019.3.199/linux/compiler/lib/intel64] ==> [/opt/intel/compilers_and_libraries_2019.3.199/linux/compiler/lib/intel64]
  collapse library dir [/opt/intel/compilers_and_libraries_2019.3.199/linux/mkl/lib/intel64] ==> [/opt/intel/compilers_and_libraries_2019.3.199/linux/mkl/lib/intel64]
  collapse library dir [/usr/lib64/gcc/x86_64-suse-linux/7/../../../../x86_64-suse-linux/lib] ==> [/usr/x86_64-suse-linux/lib]
  collapse library dir [/usr/lib64/gcc/x86_64-suse-linux/7/../../..] ==> [/usr/lib64]
  implicit libs: [cudadevrt;cudart_static;rt;pthread;dl;stdc++;m;gcc_s;gcc;c;gcc_s;gcc]
  implicit dirs: [/usr/common/software/sles15_cgpu/cuda/11.1.1/targets/x86_64-linux/lib/stubs;/usr/common/software/sles15_cgpu/cuda/11.1.1/targets/x86_64-linux/lib;/usr/lib64/gcc/x86_64-suse-linux/7;/usr/lib64;/lib64;/opt/intel/compilers_and_libraries_2019.3.199/linux/compiler/lib/intel64;/opt/intel/compilers_and_libraries_2019.3.199/linux/mkl/lib/intel64;/usr/x86_64-suse-linux/lib]
  implicit fwks: []


